2013-10-15 13:00:55,866 [1] INFO  Photon.StarDust.Client.Program - Starting 5 games with 3 players
2013-10-15 13:00:56,899 [5] DEBUG Photon.StarDust.Client.Program - peers: 0, r-ev: 0, ur-ev: 0, r-op: 0, ur-op: 0, res: 0, r-rtt: 0, ur-rtt: 0, rtt: 0, var: 0, flsh-rtt: 0, flsh-ev 0, flsh-op 0
2013-10-15 13:00:57,909 [5] DEBUG Photon.StarDust.Client.Program - peers: 0, r-ev: 0, ur-ev: 0, r-op: 0, ur-op: 0, res: 0, r-rtt: 0, ur-rtt: 0, rtt: 0, var: 0, flsh-rtt: 0, flsh-ev 0, flsh-op 0
2013-10-15 13:00:58,155 [6] INFO  Photon.StarDust.Client.Program - [3884] Started game NABOO(3884)1 with 3 clients
2013-10-15 13:00:58,923 [5] DEBUG Photon.StarDust.Client.Program - peers: 0, r-ev: 0, ur-ev: 0, r-op: 0, ur-op: 0, res: 0, r-rtt: 0, ur-rtt: 0, rtt: 0, var: 0, flsh-rtt: 0, flsh-ev 0, flsh-op 0
2013-10-15 13:00:59,937 [5] DEBUG Photon.StarDust.Client.Program - peers: 5, r-ev: 0, ur-ev: 0, r-op: 4.930707, ur-op: 0, res: 0, r-rtt: 0, ur-rtt: 0, rtt: 0, var: 0, flsh-rtt: 0, flsh-ev 0, flsh-op 0
2013-10-15 13:01:01,014 [5] DEBUG Photon.StarDust.Client.Program - peers: 6, r-ev: 40.84941, ur-ev: 0, r-op: 19.49632, ur-op: 0, res: 5.570375, r-rtt: 176.125, ur-rtt: 0, rtt: 0, var: 0, flsh-rtt: 0, flsh-ev 0, flsh-op 0
2013-10-15 13:01:01,453 [6] INFO  Photon.StarDust.Client.Program - [3884] Started game NABOO(3884)2 with 3 clients
2013-10-15 13:01:01,980 [5] DEBUG Photon.StarDust.Client.Program - peers: 7, r-ev: 121.0158, ur-ev: 0, r-op: 61.02505, ur-op: 0, res: 1.034323, r-rtt: 29.30172, ur-rtt: 0, rtt: 0, var: 0, flsh-rtt: 0, flsh-ev 0, flsh-op 0
2013-10-15 13:01:02,978 [5] DEBUG Photon.StarDust.Client.Program - peers: 9, r-ev: 123.3422, ur-ev: 0, r-op: 72.20034, ur-op: 0, res: 2.005565, r-rtt: 22.32203, ur-rtt: 0, rtt: 0, var: 0, flsh-rtt: 0, flsh-ev 0, flsh-op 0
2013-10-15 13:01:03,853 [6] INFO  Photon.StarDust.Client.Program - [3884] Started game NABOO(3884)3 with 3 clients
2013-10-15 13:01:03,993 [5] DEBUG Photon.StarDust.Client.Program - peers: 10, r-ev: 166.3811, ur-ev: 0, r-op: 82.6964, ur-op: 0, res: 0.9844722, r-rtt: 17.45238, ur-rtt: 0, rtt: 0, var: 0, flsh-rtt: 0, flsh-ev 0, flsh-op 0
2013-10-15 13:01:05,007 [5] DEBUG Photon.StarDust.Client.Program - peers: 11, r-ev: 180.5738, ur-ev: 0, r-op: 99.66319, ur-op: 0, res: 0.9867731, r-rtt: 16.08287, ur-rtt: 0, rtt: 0, var: 0, flsh-rtt: 0, flsh-ev 0, flsh-op 0
2013-10-15 13:01:06,021 [8] DEBUG Photon.StarDust.Client.Program - peers: 12, r-ev: 194.2205, ur-ev: 0, r-op: 101.5467, ur-op: 0, res: 0.9858902, r-rtt: 16.2268, ur-rtt: 0, rtt: 0, var: 0, flsh-rtt: 0, flsh-ev 0, flsh-op 0
2013-10-15 13:01:06,815 [6] INFO  Photon.StarDust.Client.Program - [3884] Started game NABOO(3884)4 with 3 clients
2013-10-15 13:01:07,035 [8] DEBUG Photon.StarDust.Client.Program - peers: 13, r-ev: 218.2084, ur-ev: 0, r-op: 109.598, ur-op: 0, res: 0.9873695, r-rtt: 16.46364, ur-rtt: 0, rtt: 0, var: 0, flsh-rtt: 0, flsh-ev 0, flsh-op 0
2013-10-15 13:01:08,049 [8] DEBUG Photon.StarDust.Client.Program - peers: 14, r-ev: 232.73, ur-ev: 0, r-op: 130.1711, ur-op: 0, res: 0.9861441, r-rtt: 16.19658, ur-rtt: 0, rtt: 0, var: 0, flsh-rtt: 0, flsh-ev 0, flsh-op 0
2013-10-15 13:01:09,063 [8] DEBUG Photon.StarDust.Client.Program - peers: 15, r-ev: 263.2882, ur-ev: 0, r-op: 132.1371, ur-op: 0, res: 0.9860981, r-rtt: 16.73106, ur-rtt: 0, rtt: 0, var: 0, flsh-rtt: 0, flsh-ev 0, flsh-op 0
2013-10-15 13:01:09,926 [6] INFO  Photon.StarDust.Client.Program - [3884] Started game NABOO(3884)5 with 3 clients
2013-10-15 13:01:10,077 [5] DEBUG Photon.StarDust.Client.Program - peers: 15, r-ev: 270.2233, ur-ev: 0, r-op: 135.1116, ur-op: 0, res: 0, r-rtt: 16.15328, ur-rtt: 0, rtt: 0, var: 0, flsh-rtt: 0, flsh-ev 0, flsh-op 0
2013-10-15 13:01:11,090 [5] DEBUG Photon.StarDust.Client.Program - peers: 15, r-ev: 268.4948, ur-ev: 0, r-op: 137.2085, ur-op: 0, res: 0, r-rtt: 16.16544, ur-rtt: 0, rtt: 0, var: 0, flsh-rtt: 0, flsh-ev 0, flsh-op 0
2013-10-15 13:01:12,105 [8] DEBUG Photon.StarDust.Client.Program - peers: 15, r-ev: 285.7029, ur-ev: 0, r-op: 140.8814, ur-op: 0, res: 0, r-rtt: 16.59655, ur-rtt: 0, rtt: 0, var: 0, flsh-rtt: 0, flsh-ev 0, flsh-op 0
2013-10-15 13:01:13,118 [8] DEBUG Photon.StarDust.Client.Program - peers: 15, r-ev: 272.4156, ur-ev: 0, r-op: 135.2207, ur-op: 0, res: 0, r-rtt: 17.05797, ur-rtt: 0, rtt: 0, var: 0, flsh-rtt: 0, flsh-ev 0, flsh-op 0
2013-10-15 13:01:14,133 [8] DEBUG Photon.StarDust.Client.Program - peers: 15, r-ev: 269.9629, ur-ev: 0, r-op: 133.9963, ur-op: 0, res: 0, r-rtt: 17.77007, ur-rtt: 0, rtt: 0, var: 0, flsh-rtt: 0, flsh-ev 0, flsh-op 0
2013-10-15 13:01:14,470 [1] INFO  Photon.StarDust.Client.Program - [3884] Shutdown: Stopped game NABOO(3884)1
2013-10-15 13:01:14,471 [1] INFO  Photon.StarDust.Client.Program - [3884] Shutdown: Stopped game NABOO(3884)2
2013-10-15 13:01:14,472 [1] INFO  Photon.StarDust.Client.Program - [3884] Shutdown: Stopped game NABOO(3884)3
2013-10-15 13:01:14,472 [1] INFO  Photon.StarDust.Client.Program - [3884] Shutdown: Stopped game NABOO(3884)4
2013-10-15 13:01:14,473 [1] INFO  Photon.StarDust.Client.Program - [3884] Shutdown: Stopped game NABOO(3884)5
2013-10-15 13:01:14,474 [1] INFO  Photon.StarDust.Client.Program - [3884] Stopped
